<?xml version="1.0" encoding="UTF-8"?>
<!-- Generated by org.testng.reporters.JUnitXMLReporter -->
<testsuite ignored="0" hostname="SAVITA-PC" failures="1" tests="2" name="Login Test" time="6.857" errors="0" timestamp="2026-06-15T18:35:57 IST">
  <testcase classname="com.framework.tests.LoginTest" name="verifyLogin" time="0.48"/>
  <testcase classname="com.framework.tests.LoginTest" name="verifyinvalidLogin" time="0.432">
    <failure type="java.lang.AssertionError" message="expected [Epic sadface: Sorry, this user has been locked outqa.] but found [Epic sadface: Sorry, this user has been locked out.]">
      <![CDATA[java.lang.AssertionError: expected [Epic sadface: Sorry, this user has been locked outqa.] but found [Epic sadface: Sorry, this user has been locked out.]
at com.framework.tests.LoginTest.verifyinvalidLogin(LoginTest.java:50)
at java.base/java.util.ArrayList.forEach(ArrayList.java:1597)
... Removed 31 stack frames]]>
    </failure>
  </testcase> <!-- verifyinvalidLogin -->
</testsuite> <!-- Login Test -->
